<?xml version="1.0" encoding="UTF-8"?>
<!-- Generated by org.testng.reporters.JUnitReportReporter -->
<testsuite hostname="DESKTOP-2JQ4EAS" failures="0" tests="1" name="udemy.SumValidation" time="3.192" errors="0" timestamp="2022-11-01T16:08:16 IST" skipped="0">
  <testcase classname="udemy.SumValidation" name="sumOfCources" time="3.192"/>
  <system-out/>
</testsuite> <!-- udemy.SumValidation -->
