<?xml version="1.0" encoding="UTF-8"?>
<!-- Generated by org.testng.reporters.JUnitReportReporter -->
<testsuite hostname="DESKTOP-2JQ4EAS" failures="0" tests="1" name="udemy.Basic" time="9.287" errors="0" timestamp="2022-11-02T16:40:31 IST" skipped="0">
  <testcase classname="udemy.Basic" name="endToEndMethod" time="9.287"/>
  <system-out/>
</testsuite> <!-- udemy.Basic -->
