<?xml version="1.0" encoding="UTF-8"?>
<!-- Generated by org.testng.reporters.JUnitReportReporter -->
<testsuite hostname="DESKTOP-2JQ4EAS" failures="0" tests="1" name="reqrusTest.TC_Authorization" time="4.965" errors="0" timestamp="2022-10-20T23:19:42 IST" skipped="0">
  <testcase classname="reqrusTest.TC_Authorization" name="authorization" time="4.965"/>
  <system-out/>
</testsuite> <!-- reqrusTest.TC_Authorization -->
