<?xml version="1.0" encoding="UTF-8"?>
<!-- Generated by org.testng.reporters.JUnitReportReporter -->
<testsuite hostname="DESKTOP-2JQ4EAS" failures="0" tests="1" name="testCases.PostMethod" time="5.951" errors="0" timestamp="2022-10-20T21:50:44 IST" skipped="0">
  <testcase classname="testCases.PostMethod" name="testPost" time="5.951"/>
  <system-out/>
</testsuite> <!-- testCases.PostMethod -->
