<?xml version="1.0" encoding="UTF-8"?>
<!-- Generated by org.testng.reporters.JUnitReportReporter -->
<testsuite hostname="DESKTOP-2JQ4EAS" failures="0" tests="1" name="udemy.AskBasic" time="6.053" errors="0" timestamp="2022-11-02T17:02:02 IST" skipped="0">
  <testcase classname="udemy.AskBasic" name="post" time="6.053"/>
  <system-out/>
</testsuite> <!-- udemy.AskBasic -->
