<?xml version="1.0" encoding="UTF-8"?>
<!-- Generated by org.testng.reporters.JUnitReportReporter -->
<testsuite hostname="DESKTOP-2JQ4EAS" failures="0" tests="1" name="reqrusTest.TC_PutTest" time="5.521" errors="0" timestamp="2022-10-20T22:27:02 IST" skipped="0">
  <testcase classname="reqrusTest.TC_PutTest" name="testPut" time="5.521"/>
  <system-out/>
</testsuite> <!-- reqrusTest.TC_PutTest -->
