<?xml version="1.0" encoding="UTF-8"?>
<!-- Generated by org.testng.reporters.JUnitReportReporter -->
<testsuite hostname="DESKTOP-2JQ4EAS" failures="0" tests="1" name="udemy.BasicMy" time="5.304" errors="0" timestamp="2022-10-27T14:29:44 IST" skipped="0">
  <testcase classname="udemy.BasicMy" name="AddPlace" time="5.304"/>
  <system-out/>
</testsuite> <!-- udemy.BasicMy -->
