<?xml version="1.0" encoding="UTF-8"?>
<!-- Generated by org.testng.reporters.JUnitReportReporter -->
<testsuite hostname="DESKTOP-2JQ4EAS" failures="0" tests="1" name="reqrusTest.TC_GetTest" time="4.247" errors="0" timestamp="2022-10-20T23:15:53 IST" skipped="0">
  <testcase classname="reqrusTest.TC_GetTest" name="testGet" time="4.247"/>
  <system-out/>
</testsuite> <!-- reqrusTest.TC_GetTest -->
