<?xml version="1.0" encoding="UTF-8"?>
<!-- Generated by org.testng.reporters.JUnitReportReporter -->
<testsuite hostname="DESKTOP-2JQ4EAS" failures="0" tests="1" name="swaggerIoPet.GetMethod" time="6.112" errors="0" timestamp="2022-10-20T21:01:13 IST" skipped="0">
  <testcase classname="swaggerIoPet.GetMethod" name="getTest" time="6.112"/>
  <system-out/>
</testsuite> <!-- swaggerIoPet.GetMethod -->
