<?xml version="1.0" encoding="UTF-8"?>
<!-- Generated by org.testng.reporters.JUnitReportReporter -->
<testsuite hostname="DESKTOP-2JQ4EAS" failures="0" tests="1" name="testCases.TC1_GetMethod" time="6.622" errors="0" timestamp="2022-10-20T21:41:02 IST" skipped="0">
  <testcase classname="testCases.TC1_GetMethod" name="testGet" time="6.622"/>
  <system-out/>
</testsuite> <!-- testCases.TC1_GetMethod -->
