<?xml version="1.0" encoding="UTF-8"?>
<!-- Generated by org.testng.reporters.JUnitReportReporter -->
<testsuite hostname="DESKTOP-2JQ4EAS" failures="0" tests="1" name="reqrusTest.TC_PostTest" time="4.423" errors="0" timestamp="2022-10-20T23:33:17 IST" skipped="0">
  <testcase classname="reqrusTest.TC_PostTest" name="testPost" time="4.423"/>
  <system-out/>
</testsuite> <!-- reqrusTest.TC_PostTest -->
