<?xml version="1.0" encoding="UTF-8"?>
<!-- Generated by org.testng.reporters.JUnitReportReporter -->
<testsuite hostname="DESKTOP-2JQ4EAS" failures="0" tests="1" name="reqrusTest.TC_DeleteTest" time="7.579" errors="0" timestamp="2022-10-20T22:36:44 IST" skipped="0">
  <testcase classname="reqrusTest.TC_DeleteTest" name="testDelete" time="7.579"/>
  <system-out/>
</testsuite> <!-- reqrusTest.TC_DeleteTest -->
