<?xml version="1.0" encoding="UTF-8"?>
<!-- Generated by org.testng.reporters.JUnitReportReporter -->
<testsuite hostname="DESKTOP-2JQ4EAS" failures="0" tests="1" name="udemy1.StaticJsonFile" time="6.960" errors="0" timestamp="2022-11-01T23:59:08 IST" skipped="0">
  <testcase classname="udemy1.StaticJsonFile" name="addPlace" time="6.960"/>
  <system-out/>
</testsuite> <!-- udemy1.StaticJsonFile -->
