<?xml version="1.0" encoding="UTF-8"?>
<!-- Generated by org.testng.reporters.JUnitReportReporter -->
<testsuite hostname="DESKTOP-2JQ4EAS" failures="0" tests="3" name="udemy1.DynamicJson" time="5.511" errors="0" timestamp="2022-11-01T23:37:12 IST" skipped="0">
  <testcase classname="udemy1.DynamicJson" name="addBook" time="0.214"/>
  <system-out/>
  <testcase classname="udemy1.DynamicJson" name="addBook" time="5.005"/>
  <system-out/>
  <testcase classname="udemy1.DynamicJson" name="addBook" time="0.292"/>
  <system-out/>
</testsuite> <!-- udemy1.DynamicJson -->
